<?xml version="1.0" encoding="UTF-8"?>
<TestRun id="8e94c09a-46d1-44ed-ab6f-fc5726a56df7" name="PHUONGLHK@PHUONGLHK-PC 2012-07-24 23:46:20" runUser="PHUONGLHK-PC\PHUONGLHK" xmlns="http://microsoft.com/schemas/VisualStudio/TeamTest/2010">
  <TestSettings name="Local" id="b31b6d87-c358-4fe1-acd7-161f97be2a2d">
    <Description>These are default test settings for a local test run.</Description>
    <Deployment enabled="false" runDeploymentRoot="PHUONGLHK_PHUONGLHK-PC 2012-07-24 23_46_20">
      <DeploymentItem filename="C:\Users\PHUONGLHK\Documents\Visual Studio 2010\Projects\HotelFee\HotelFee\bin\Debug\HotelFee.dll" />
    </Deployment>
    <Execution>
      <TestTypeSpecific />
      <AgentRule name="Execution Agents">
      </AgentRule>
    </Execution>
  </TestSettings>
  <Times creation="2012-07-24T23:46:20.5851011+07:00" queuing="2012-07-24T23:46:20.6201031+07:00" start="2012-07-24T23:46:20.6371040+07:00" finish="2012-07-24T23:46:21.3721461+07:00" />
  <ResultSummary outcome="Failed">
    <Counters total="1" executed="1" error="0" failed="1" timeout="0" aborted="0" inconclusive="0" passedButRunAborted="0" notRunnable="0" notExecuted="0" disconnected="0" warning="0" passed="0" completed="0" inProgress="0" pending="0" />
  </ResultSummary>
  <TestDefinitions>
    <UnitTest name="TestMethod1" storage="c:\users\phuonglhk\documents\visual studio 2010\projects\hotelfee\testproject1\bin\debug\testproject1.dll" id="59863143-3238-122e-4d8a-637b491cc755">
      <Execution id="e1d8167e-8a18-41bd-bd36-e8ff16edace5" />
      <TestMethod codeBase="C:/Users/PHUONGLHK/Documents/Visual Studio 2010/Projects/HotelFee/TestProject1/bin/Debug/TestProject1.DLL" adapterTypeName="Microsoft.VisualStudio.TestTools.TestTypes.Unit.UnitTestAdapter, Microsoft.VisualStudio.QualityTools.Tips.UnitTest.Adapter, Version=10.0.0.0, Culture=neutral, PublicKeyToken=b03f5f7f11d50a3a" className="TestProject1.UnitTest1, TestProject1, Version=1.0.0.0, Culture=neutral, PublicKeyToken=null" name="TestMethod1" />
    </UnitTest>
  </TestDefinitions>
  <TestLists>
    <TestList name="Results Not in a List" id="8c84fa94-04c1-424b-9868-57a2d4851a1d" />
    <TestList name="All Loaded Results" id="19431567-8539-422a-85d7-44ee4e166bda" />
  </TestLists>
  <TestEntries>
    <TestEntry testId="59863143-3238-122e-4d8a-637b491cc755" executionId="e1d8167e-8a18-41bd-bd36-e8ff16edace5" testListId="8c84fa94-04c1-424b-9868-57a2d4851a1d" />
  </TestEntries>
  <Results>
    <UnitTestResult executionId="e1d8167e-8a18-41bd-bd36-e8ff16edace5" testId="59863143-3238-122e-4d8a-637b491cc755" testName="TestMethod1" computerName="PHUONGLHK-PC" duration="00:00:00.3336127" startTime="2012-07-24T23:46:20.7081081+07:00" endTime="2012-07-24T23:46:21.3491448+07:00" testType="13cdc9d9-ddb5-4fa4-a97d-d965ccfc6d4b" outcome="Failed" testListId="8c84fa94-04c1-424b-9868-57a2d4851a1d" relativeResultsDirectory="e1d8167e-8a18-41bd-bd36-e8ff16edace5">
      <Output>
        <ErrorInfo>
          <Message>Assert.AreEqual failed. Expected:&lt;200000&gt;. Actual:&lt;160000&gt;. </Message>
          <StackTrace>   at TestProject1.UnitTest1.TestMethod1() in C:\Users\PHUONGLHK\Documents\Visual Studio 2010\Projects\HotelFee\TestProject1\UnitTest1.cs:line 20
</StackTrace>
        </ErrorInfo>
      </Output>
    </UnitTestResult>
  </Results>
</TestRun>