<?xml version="1.0" encoding="UTF-8"?>
<TestRun id="ac5506a1-4101-4868-86af-cc1dfb8eb643" name="PHUONGLHK@PHUONGLHK-PC 2012-07-26 08:04:58" runUser="PHUONGLHK-PC\PHUONGLHK" xmlns="http://microsoft.com/schemas/VisualStudio/TeamTest/2010">
  <TestSettings name="Local" id="b31b6d87-c358-4fe1-acd7-161f97be2a2d">
    <Description>These are default test settings for a local test run.</Description>
    <Deployment enabled="false" runDeploymentRoot="PHUONGLHK_PHUONGLHK-PC 2012-07-26 08_04_58">
      <DeploymentItem filename="C:\Users\PHUONGLHK\documents\visual studio 2010\Projects\HotelFee\HotelFee\bin\Debug\HotelFee.dll" />
    </Deployment>
    <Execution>
      <TestTypeSpecific />
      <AgentRule name="Execution Agents">
      </AgentRule>
    </Execution>
  </TestSettings>
  <Times creation="2012-07-26T08:04:58.1971285+07:00" queuing="2012-07-26T08:05:00.7732758+07:00" start="2012-07-26T08:05:00.8672812+07:00" finish="2012-07-26T08:05:03.1144097+07:00" />
  <ResultSummary outcome="Completed">
    <Counters total="1" executed="1" passed="1" error="0" failed="0" timeout="0" aborted="0" inconclusive="0" passedButRunAborted="0" notRunnable="0" notExecuted="0" disconnected="0" warning="0" completed="0" inProgress="0" pending="0" />
  </ResultSummary>
  <TestDefinitions>
    <UnitTest name="TestHourPrice" storage="c:\users\phuonglhk\documents\visual studio 2010\projects\hotelfee\testproject1\bin\debug\testproject1.dll" id="311ce7d2-5b33-004e-7974-c4e8b591c0d4">
      <Execution id="9da6eb9a-4d9e-4d60-bb1b-c35cfbd5210b" />
      <TestMethod codeBase="C:/Users/PHUONGLHK/Documents/Visual Studio 2010/Projects/HotelFee/TestProject1/bin/Debug/TestProject1.DLL" adapterTypeName="Microsoft.VisualStudio.TestTools.TestTypes.Unit.UnitTestAdapter, Microsoft.VisualStudio.QualityTools.Tips.UnitTest.Adapter, Version=10.0.0.0, Culture=neutral, PublicKeyToken=b03f5f7f11d50a3a" className="TestProject1.UnitTest1, TestProject1, Version=1.0.0.0, Culture=neutral, PublicKeyToken=null" name="TestHourPrice" />
    </UnitTest>
  </TestDefinitions>
  <TestLists>
    <TestList name="Results Not in a List" id="8c84fa94-04c1-424b-9868-57a2d4851a1d" />
    <TestList name="All Loaded Results" id="19431567-8539-422a-85d7-44ee4e166bda" />
  </TestLists>
  <TestEntries>
    <TestEntry testId="311ce7d2-5b33-004e-7974-c4e8b591c0d4" executionId="9da6eb9a-4d9e-4d60-bb1b-c35cfbd5210b" testListId="8c84fa94-04c1-424b-9868-57a2d4851a1d" />
  </TestEntries>
  <Results>
    <UnitTestResult executionId="9da6eb9a-4d9e-4d60-bb1b-c35cfbd5210b" testId="311ce7d2-5b33-004e-7974-c4e8b591c0d4" testName="TestHourPrice" computerName="PHUONGLHK-PC" duration="00:00:00.2793508" startTime="2012-07-26T08:05:00.9142839+07:00" endTime="2012-07-26T08:05:01.5363195+07:00" testType="13cdc9d9-ddb5-4fa4-a97d-d965ccfc6d4b" outcome="Passed" testListId="8c84fa94-04c1-424b-9868-57a2d4851a1d" relativeResultsDirectory="9da6eb9a-4d9e-4d60-bb1b-c35cfbd5210b">
    </UnitTestResult>
  </Results>
</TestRun>