<?xml version="1.0" encoding="UTF-8"?>
<TestRun id="4c28c6ad-da1b-41f0-b195-940b8cf855b9" name="PHUONGLHK@PHUONGLHK-PC 2012-07-25 23:07:29" runUser="PHUONGLHK-PC\PHUONGLHK" xmlns="http://microsoft.com/schemas/VisualStudio/TeamTest/2010">
  <TestSettings name="Local" id="b31b6d87-c358-4fe1-acd7-161f97be2a2d">
    <Description>These are default test settings for a local test run.</Description>
    <Deployment enabled="false" runDeploymentRoot="PHUONGLHK_PHUONGLHK-PC 2012-07-25 23_07_29">
      <DeploymentItem filename="C:\Users\PHUONGLHK\Documents\Visual Studio 2010\Projects\HotelFee\HotelFee\bin\Debug\HotelFee.dll" />
    </Deployment>
    <Execution>
      <TestTypeSpecific />
      <AgentRule name="Execution Agents">
      </AgentRule>
    </Execution>
  </TestSettings>
  <Times creation="2012-07-25T23:07:29.2362460+07:00" queuing="2012-07-25T23:07:30.8373376+07:00" start="2012-07-25T23:07:31.1143535+07:00" finish="2012-07-25T23:07:49.6434133+07:00" />
  <ResultSummary outcome="Error">
    <Counters total="1" executed="1" error="0" failed="0" timeout="0" aborted="1" inconclusive="0" passedButRunAborted="0" notRunnable="0" notExecuted="0" disconnected="0" warning="0" passed="0" completed="0" inProgress="0" pending="0" />
    <RunInfos>
      <RunInfo computerName="PHUONGLHK-PC" outcome="Error" timestamp="2012-07-25T23:07:49.6244122+07:00">
        <Text>Test host process exited unexpectedly.</Text>
      </RunInfo>
    </RunInfos>
  </ResultSummary>
  <TestDefinitions>
    <UnitTest name="TestDayPrice" storage="c:\users\phuonglhk\documents\visual studio 2010\projects\hotelfee\testproject1\bin\debug\testproject1.dll" id="51780270-342c-d365-3de8-4e87def29a2a">
      <Execution id="51e1211a-498e-4a08-a178-b891b78f5730" />
      <TestMethod codeBase="C:/Users/PHUONGLHK/documents/visual studio 2010/Projects/HotelFee/TestProject1/bin/Debug/TestProject1.DLL" adapterTypeName="Microsoft.VisualStudio.TestTools.TestTypes.Unit.UnitTestAdapter, Microsoft.VisualStudio.QualityTools.Tips.UnitTest.Adapter, Version=10.0.0.0, Culture=neutral, PublicKeyToken=b03f5f7f11d50a3a" className="TestProject1.UnitTest1, TestProject1, Version=1.0.0.0, Culture=neutral, PublicKeyToken=null" name="TestDayPrice" />
    </UnitTest>
  </TestDefinitions>
  <TestLists>
    <TestList name="Results Not in a List" id="8c84fa94-04c1-424b-9868-57a2d4851a1d" />
    <TestList name="All Loaded Results" id="19431567-8539-422a-85d7-44ee4e166bda" />
  </TestLists>
  <TestEntries>
    <TestEntry testId="51780270-342c-d365-3de8-4e87def29a2a" executionId="51e1211a-498e-4a08-a178-b891b78f5730" testListId="8c84fa94-04c1-424b-9868-57a2d4851a1d" />
  </TestEntries>
  <Results>
    <UnitTestResult executionId="51e1211a-498e-4a08-a178-b891b78f5730" testId="51780270-342c-d365-3de8-4e87def29a2a" testName="TestDayPrice" computerName="PHUONGLHK-PC" duration="00:00:18.2640447" startTime="2012-07-25T23:07:31.3793686+07:00" endTime="2012-07-25T23:07:49.6434133+07:00" testType="13cdc9d9-ddb5-4fa4-a97d-d965ccfc6d4b" outcome="Aborted" testListId="8c84fa94-04c1-424b-9868-57a2d4851a1d" relativeResultsDirectory="51e1211a-498e-4a08-a178-b891b78f5730">
    </UnitTestResult>
  </Results>
</TestRun>