<?xml version="1.0" encoding="UTF-8"?>
<TestRun id="c14a66db-7b77-4688-9017-3b2efcab7f37" name="PHUONGLHK@PHUONGLHK-PC 2012-07-24 23:35:46" runUser="PHUONGLHK-PC\PHUONGLHK" xmlns="http://microsoft.com/schemas/VisualStudio/TeamTest/2010">
  <TestSettings name="Local" id="b31b6d87-c358-4fe1-acd7-161f97be2a2d">
    <Description>These are default test settings for a local test run.</Description>
    <Deployment userDeploymentRoot="C:\Users\PHUONGLHK\Documents\Visual Studio 2010\Projects\HotelFee\TestResults" useDefaultDeploymentRoot="false" enabled="false" runDeploymentRoot="PHUONGLHK_PHUONGLHK-PC 2012-07-24 23_35_46">
      <DeploymentItem filename="C:\Users\PHUONGLHK\Documents\Visual Studio 2010\Projects\HotelFee\HotelFee\bin\Debug\HotelFee.dll" />
    </Deployment>
    <Execution>
      <TestTypeSpecific />
      <AgentRule name="Execution Agents">
      </AgentRule>
    </Execution>
  </TestSettings>
  <Times creation="2012-07-24T23:35:46.8728548+07:00" queuing="2012-07-24T23:35:48.2079312+07:00" start="2012-07-24T23:35:48.3949418+07:00" finish="2012-07-24T23:38:52.8854941+07:00" />
  <ResultSummary outcome="Error">
    <Counters total="1" executed="1" error="0" failed="0" timeout="0" aborted="1" inconclusive="0" passedButRunAborted="0" notRunnable="0" notExecuted="0" disconnected="0" warning="0" passed="0" completed="0" inProgress="0" pending="0" />
    <RunInfos>
      <RunInfo computerName="PHUONGLHK-PC" outcome="Error" timestamp="2012-07-24T23:38:52.8844940+07:00">
        <Text>Test host process exited unexpectedly.</Text>
      </RunInfo>
    </RunInfos>
  </ResultSummary>
  <TestDefinitions>
    <UnitTest name="TestMethod1" storage="c:\users\phuonglhk\documents\visual studio 2010\projects\hotelfee\testproject1\bin\debug\testproject1.dll" id="59863143-3238-122e-4d8a-637b491cc755">
      <Execution id="1251e4e7-1b21-42a8-890a-59fc71af2261" />
      <TestMethod codeBase="C:/Users/PHUONGLHK/Documents/Visual Studio 2010/Projects/HotelFee/TestProject1/bin/Debug/TestProject1.DLL" adapterTypeName="Microsoft.VisualStudio.TestTools.TestTypes.Unit.UnitTestAdapter, Microsoft.VisualStudio.QualityTools.Tips.UnitTest.Adapter, Version=10.0.0.0, Culture=neutral, PublicKeyToken=b03f5f7f11d50a3a" className="TestProject1.UnitTest1, TestProject1, Version=1.0.0.0, Culture=neutral, PublicKeyToken=null" name="TestMethod1" />
    </UnitTest>
  </TestDefinitions>
  <TestLists>
    <TestList name="Results Not in a List" id="8c84fa94-04c1-424b-9868-57a2d4851a1d" />
    <TestList name="All Loaded Results" id="19431567-8539-422a-85d7-44ee4e166bda" />
  </TestLists>
  <TestEntries>
    <TestEntry testId="59863143-3238-122e-4d8a-637b491cc755" executionId="1251e4e7-1b21-42a8-890a-59fc71af2261" testListId="8c84fa94-04c1-424b-9868-57a2d4851a1d" />
  </TestEntries>
  <Results>
    <UnitTestResult executionId="1251e4e7-1b21-42a8-890a-59fc71af2261" testId="59863143-3238-122e-4d8a-637b491cc755" testName="TestMethod1" computerName="PHUONGLHK-PC" duration="00:03:04.3535444" startTime="2012-07-24T23:35:48.5319497+07:00" endTime="2012-07-24T23:38:52.8854941+07:00" testType="13cdc9d9-ddb5-4fa4-a97d-d965ccfc6d4b" outcome="Aborted" testListId="8c84fa94-04c1-424b-9868-57a2d4851a1d" relativeResultsDirectory="1251e4e7-1b21-42a8-890a-59fc71af2261">
    </UnitTestResult>
  </Results>
</TestRun>