<?xml version="1.0" encoding="UTF-8"?>
<TestRun id="d8422031-7690-4ac9-bfeb-4bd9ebbfbf64" name="PHUONGLHK@PHUONGLHK-PC 2012-07-25 23:06:52" runUser="PHUONGLHK-PC\PHUONGLHK" xmlns="http://microsoft.com/schemas/VisualStudio/TeamTest/2010">
  <TestSettings name="Local" id="b31b6d87-c358-4fe1-acd7-161f97be2a2d">
    <Description>These are default test settings for a local test run.</Description>
    <Deployment enabled="false" runDeploymentRoot="PHUONGLHK_PHUONGLHK-PC 2012-07-25 23_06_52">
      <DeploymentItem filename="C:\Users\PHUONGLHK\Documents\Visual Studio 2010\Projects\HotelFee\HotelFee\bin\Debug\HotelFee.dll" />
    </Deployment>
    <Execution>
      <TestTypeSpecific />
      <AgentRule name="Execution Agents">
      </AgentRule>
    </Execution>
  </TestSettings>
  <Times creation="2012-07-25T23:06:52.9421701+07:00" queuing="2012-07-25T23:06:53.1091797+07:00" start="2012-07-25T23:06:53.1371813+07:00" finish="2012-07-25T23:06:54.3422502+07:00" />
  <ResultSummary outcome="Failed">
    <Counters total="1" executed="1" error="0" failed="1" timeout="0" aborted="0" inconclusive="0" passedButRunAborted="0" notRunnable="0" notExecuted="0" disconnected="0" warning="0" passed="0" completed="0" inProgress="0" pending="0" />
  </ResultSummary>
  <TestDefinitions>
    <UnitTest name="TestDayPrice" storage="c:\users\phuonglhk\documents\visual studio 2010\projects\hotelfee\testproject1\bin\debug\testproject1.dll" id="51780270-342c-d365-3de8-4e87def29a2a">
      <Execution id="9f18657e-43c3-4e4e-8340-42456c1efbd0" />
      <TestMethod codeBase="C:/Users/PHUONGLHK/documents/visual studio 2010/Projects/HotelFee/TestProject1/bin/Debug/TestProject1.DLL" adapterTypeName="Microsoft.VisualStudio.TestTools.TestTypes.Unit.UnitTestAdapter, Microsoft.VisualStudio.QualityTools.Tips.UnitTest.Adapter, Version=10.0.0.0, Culture=neutral, PublicKeyToken=b03f5f7f11d50a3a" className="TestProject1.UnitTest1, TestProject1, Version=1.0.0.0, Culture=neutral, PublicKeyToken=null" name="TestDayPrice" />
    </UnitTest>
  </TestDefinitions>
  <TestLists>
    <TestList name="Results Not in a List" id="8c84fa94-04c1-424b-9868-57a2d4851a1d" />
    <TestList name="All Loaded Results" id="19431567-8539-422a-85d7-44ee4e166bda" />
  </TestLists>
  <TestEntries>
    <TestEntry testId="51780270-342c-d365-3de8-4e87def29a2a" executionId="9f18657e-43c3-4e4e-8340-42456c1efbd0" testListId="8c84fa94-04c1-424b-9868-57a2d4851a1d" />
  </TestEntries>
  <Results>
    <UnitTestResult executionId="9f18657e-43c3-4e4e-8340-42456c1efbd0" testId="51780270-342c-d365-3de8-4e87def29a2a" testName="TestDayPrice" computerName="PHUONGLHK-PC" duration="00:00:00.2122312" startTime="2012-07-25T23:06:53.2251863+07:00" endTime="2012-07-25T23:06:54.1102369+07:00" testType="13cdc9d9-ddb5-4fa4-a97d-d965ccfc6d4b" outcome="Failed" testListId="8c84fa94-04c1-424b-9868-57a2d4851a1d" relativeResultsDirectory="9f18657e-43c3-4e4e-8340-42456c1efbd0">
      <Output>
        <ErrorInfo>
          <Message>Assert.AreEqual failed. Expected:&lt;80000&gt;. Actual:&lt;320000&gt;. </Message>
          <StackTrace>   at TestProject1.UnitTest1.TestDayPrice() in C:\Users\PHUONGLHK\documents\visual studio 2010\Projects\HotelFee\TestProject1\UnitTest1.cs:line 85
</StackTrace>
        </ErrorInfo>
      </Output>
    </UnitTestResult>
  </Results>
</TestRun>