<?xml version="1.0" encoding="UTF-8"?>
<TestRun id="ada5d037-d5dd-49fd-bf18-c0aabdb86e44" name="PHUONGLHK@PHUONGLHK-PC 2012-07-25 21:52:00" runUser="PHUONGLHK-PC\PHUONGLHK" xmlns="http://microsoft.com/schemas/VisualStudio/TeamTest/2010">
  <TestSettings name="Local" id="b31b6d87-c358-4fe1-acd7-161f97be2a2d">
    <Description>These are default test settings for a local test run.</Description>
    <Deployment enabled="false" runDeploymentRoot="PHUONGLHK_PHUONGLHK-PC 2012-07-25 21_52_00">
      <DeploymentItem filename="C:\Users\PHUONGLHK\Documents\Visual Studio 2010\Projects\HotelFee\HotelFee\bin\Debug\HotelFee.dll" />
    </Deployment>
    <Execution>
      <TestTypeSpecific />
      <AgentRule name="Execution Agents">
      </AgentRule>
    </Execution>
  </TestSettings>
  <Times creation="2012-07-25T21:52:00.5112178+07:00" queuing="2012-07-25T21:52:00.5502200+07:00" start="2012-07-25T21:52:00.5622207+07:00" finish="2012-07-25T21:52:00.9942454+07:00" />
  <ResultSummary outcome="Completed">
    <Counters total="1" executed="1" passed="1" error="0" failed="0" timeout="0" aborted="0" inconclusive="0" passedButRunAborted="0" notRunnable="0" notExecuted="0" disconnected="0" warning="0" completed="0" inProgress="0" pending="0" />
  </ResultSummary>
  <TestDefinitions>
    <UnitTest name="TestHourPrice" storage="c:\users\phuonglhk\documents\visual studio 2010\projects\hotelfee\testproject1\bin\debug\testproject1.dll" id="311ce7d2-5b33-004e-7974-c4e8b591c0d4">
      <Execution id="40070c5e-3e5d-4658-b86a-3cec446cda5c" />
      <TestMethod codeBase="C:/Users/PHUONGLHK/documents/visual studio 2010/Projects/HotelFee/TestProject1/bin/Debug/TestProject1.DLL" adapterTypeName="Microsoft.VisualStudio.TestTools.TestTypes.Unit.UnitTestAdapter, Microsoft.VisualStudio.QualityTools.Tips.UnitTest.Adapter, Version=10.0.0.0, Culture=neutral, PublicKeyToken=b03f5f7f11d50a3a" className="TestProject1.UnitTest1, TestProject1, Version=1.0.0.0, Culture=neutral, PublicKeyToken=null" name="TestHourPrice" />
    </UnitTest>
  </TestDefinitions>
  <TestLists>
    <TestList name="Results Not in a List" id="8c84fa94-04c1-424b-9868-57a2d4851a1d" />
    <TestList name="All Loaded Results" id="19431567-8539-422a-85d7-44ee4e166bda" />
  </TestLists>
  <TestEntries>
    <TestEntry testId="311ce7d2-5b33-004e-7974-c4e8b591c0d4" executionId="40070c5e-3e5d-4658-b86a-3cec446cda5c" testListId="8c84fa94-04c1-424b-9868-57a2d4851a1d" />
  </TestEntries>
  <Results>
    <UnitTestResult executionId="40070c5e-3e5d-4658-b86a-3cec446cda5c" testId="311ce7d2-5b33-004e-7974-c4e8b591c0d4" testName="TestHourPrice" computerName="PHUONGLHK-PC" duration="00:00:00.0792138" startTime="2012-07-25T21:52:00.5772216+07:00" endTime="2012-07-25T21:52:00.9352420+07:00" testType="13cdc9d9-ddb5-4fa4-a97d-d965ccfc6d4b" outcome="Passed" testListId="8c84fa94-04c1-424b-9868-57a2d4851a1d" relativeResultsDirectory="40070c5e-3e5d-4658-b86a-3cec446cda5c">
    </UnitTestResult>
  </Results>
</TestRun>