<?xml version="1.0" encoding="UTF-8"?>
<TestRun id="0a1b296b-c9f0-4463-b296-0e1a06a6f25a" name="PHUONGLHK@PHUONGLHK-PC 2012-07-24 23:47:21" runUser="PHUONGLHK-PC\PHUONGLHK" xmlns="http://microsoft.com/schemas/VisualStudio/TeamTest/2010">
  <TestSettings name="Local" id="b31b6d87-c358-4fe1-acd7-161f97be2a2d">
    <Description>These are default test settings for a local test run.</Description>
    <Deployment enabled="false" runDeploymentRoot="PHUONGLHK_PHUONGLHK-PC 2012-07-24 23_47_21">
      <DeploymentItem filename="C:\Users\PHUONGLHK\Documents\Visual Studio 2010\Projects\HotelFee\HotelFee\bin\Debug\HotelFee.dll" />
    </Deployment>
    <Execution>
      <TestTypeSpecific />
      <AgentRule name="Execution Agents">
      </AgentRule>
    </Execution>
  </TestSettings>
  <Times creation="2012-07-24T23:47:21.9626117+07:00" queuing="2012-07-24T23:47:21.9796126+07:00" start="2012-07-24T23:47:22.0006138+07:00" finish="2012-07-24T23:47:22.4116373+07:00" />
  <ResultSummary outcome="Completed">
    <Counters total="1" executed="1" passed="1" error="0" failed="0" timeout="0" aborted="0" inconclusive="0" passedButRunAborted="0" notRunnable="0" notExecuted="0" disconnected="0" warning="0" completed="0" inProgress="0" pending="0" />
  </ResultSummary>
  <TestDefinitions>
    <UnitTest name="TestMethod1" storage="c:\users\phuonglhk\documents\visual studio 2010\projects\hotelfee\testproject1\bin\debug\testproject1.dll" id="59863143-3238-122e-4d8a-637b491cc755">
      <Execution id="45719583-dd70-45a7-9723-4678f7c5f68b" />
      <TestMethod codeBase="C:/Users/PHUONGLHK/Documents/Visual Studio 2010/Projects/HotelFee/TestProject1/bin/Debug/TestProject1.DLL" adapterTypeName="Microsoft.VisualStudio.TestTools.TestTypes.Unit.UnitTestAdapter, Microsoft.VisualStudio.QualityTools.Tips.UnitTest.Adapter, Version=10.0.0.0, Culture=neutral, PublicKeyToken=b03f5f7f11d50a3a" className="TestProject1.UnitTest1, TestProject1, Version=1.0.0.0, Culture=neutral, PublicKeyToken=null" name="TestMethod1" />
    </UnitTest>
  </TestDefinitions>
  <TestLists>
    <TestList name="Results Not in a List" id="8c84fa94-04c1-424b-9868-57a2d4851a1d" />
    <TestList name="All Loaded Results" id="19431567-8539-422a-85d7-44ee4e166bda" />
  </TestLists>
  <TestEntries>
    <TestEntry testId="59863143-3238-122e-4d8a-637b491cc755" executionId="45719583-dd70-45a7-9723-4678f7c5f68b" testListId="8c84fa94-04c1-424b-9868-57a2d4851a1d" />
  </TestEntries>
  <Results>
    <UnitTestResult executionId="45719583-dd70-45a7-9723-4678f7c5f68b" testId="59863143-3238-122e-4d8a-637b491cc755" testName="TestMethod1" computerName="PHUONGLHK-PC" duration="00:00:00.0777802" startTime="2012-07-24T23:47:22.0106144+07:00" endTime="2012-07-24T23:47:22.3766353+07:00" testType="13cdc9d9-ddb5-4fa4-a97d-d965ccfc6d4b" outcome="Passed" testListId="8c84fa94-04c1-424b-9868-57a2d4851a1d" relativeResultsDirectory="45719583-dd70-45a7-9723-4678f7c5f68b">
    </UnitTestResult>
  </Results>
</TestRun>