<?xml version="1.0" encoding="UTF-8"?>
<TestRun id="a4b20349-03cb-49d8-9786-2805164f2da7" name="PHUONGLHK@PHUONGLHK-PC 2012-07-25 23:10:28" runUser="PHUONGLHK-PC\PHUONGLHK" xmlns="http://microsoft.com/schemas/VisualStudio/TeamTest/2010">
  <TestSettings name="Local" id="b31b6d87-c358-4fe1-acd7-161f97be2a2d">
    <Description>These are default test settings for a local test run.</Description>
    <Deployment enabled="false" runDeploymentRoot="PHUONGLHK_PHUONGLHK-PC 2012-07-25 23_10_28">
      <DeploymentItem filename="C:\Users\PHUONGLHK\Documents\Visual Studio 2010\Projects\HotelFee\HotelFee\bin\Debug\HotelFee.dll" />
    </Deployment>
    <Execution>
      <TestTypeSpecific />
      <AgentRule name="Execution Agents">
      </AgentRule>
    </Execution>
  </TestSettings>
  <Times creation="2012-07-25T23:10:28.6115057+07:00" queuing="2012-07-25T23:10:36.7149692+07:00" start="2012-07-25T23:10:36.7529714+07:00" finish="2012-07-25T23:10:37.2359990+07:00" />
  <ResultSummary outcome="Completed">
    <Counters total="1" executed="1" passed="1" error="0" failed="0" timeout="0" aborted="0" inconclusive="0" passedButRunAborted="0" notRunnable="0" notExecuted="0" disconnected="0" warning="0" completed="0" inProgress="0" pending="0" />
  </ResultSummary>
  <TestDefinitions>
    <UnitTest name="TestDayPrice" storage="c:\users\phuonglhk\documents\visual studio 2010\projects\hotelfee\testproject1\bin\debug\testproject1.dll" id="51780270-342c-d365-3de8-4e87def29a2a">
      <Execution id="f91a5274-f1d5-4321-b051-11146fde5088" />
      <TestMethod codeBase="C:/Users/PHUONGLHK/documents/visual studio 2010/Projects/HotelFee/TestProject1/bin/Debug/TestProject1.DLL" adapterTypeName="Microsoft.VisualStudio.TestTools.TestTypes.Unit.UnitTestAdapter, Microsoft.VisualStudio.QualityTools.Tips.UnitTest.Adapter, Version=10.0.0.0, Culture=neutral, PublicKeyToken=b03f5f7f11d50a3a" className="TestProject1.UnitTest1, TestProject1, Version=1.0.0.0, Culture=neutral, PublicKeyToken=null" name="TestDayPrice" />
    </UnitTest>
  </TestDefinitions>
  <TestLists>
    <TestList name="Results Not in a List" id="8c84fa94-04c1-424b-9868-57a2d4851a1d" />
    <TestList name="All Loaded Results" id="19431567-8539-422a-85d7-44ee4e166bda" />
  </TestLists>
  <TestEntries>
    <TestEntry testId="51780270-342c-d365-3de8-4e87def29a2a" executionId="f91a5274-f1d5-4321-b051-11146fde5088" testListId="8c84fa94-04c1-424b-9868-57a2d4851a1d" />
  </TestEntries>
  <Results>
    <UnitTestResult executionId="f91a5274-f1d5-4321-b051-11146fde5088" testId="51780270-342c-d365-3de8-4e87def29a2a" testName="TestDayPrice" computerName="PHUONGLHK-PC" duration="00:00:00.1163349" startTime="2012-07-25T23:10:36.7649721+07:00" endTime="2012-07-25T23:10:37.1949967+07:00" testType="13cdc9d9-ddb5-4fa4-a97d-d965ccfc6d4b" outcome="Passed" testListId="8c84fa94-04c1-424b-9868-57a2d4851a1d" relativeResultsDirectory="f91a5274-f1d5-4321-b051-11146fde5088">
    </UnitTestResult>
  </Results>
</TestRun>