<?xml version="1.0" encoding="UTF-8"?>
<TestRun id="255b33a2-2186-4e76-b936-76f68ec8bcda" name="PHUONGLHK@PHUONGLHK-PC 2012-07-24 23:41:11" runUser="PHUONGLHK-PC\PHUONGLHK" xmlns="http://microsoft.com/schemas/VisualStudio/TeamTest/2010">
  <TestSettings name="Local" id="b31b6d87-c358-4fe1-acd7-161f97be2a2d">
    <Description>These are default test settings for a local test run.</Description>
    <Deployment enabled="false" runDeploymentRoot="PHUONGLHK_PHUONGLHK-PC 2012-07-24 23_41_11">
      <DeploymentItem filename="C:\Users\PHUONGLHK\Documents\Visual Studio 2010\Projects\HotelFee\HotelFee\bin\Debug\HotelFee.dll" />
    </Deployment>
    <Execution>
      <TestTypeSpecific />
      <AgentRule name="Execution Agents">
      </AgentRule>
    </Execution>
  </TestSettings>
  <Times creation="2012-07-24T23:41:11.2604087+07:00" queuing="2012-07-24T23:41:11.5454250+07:00" start="2012-07-24T23:41:11.6064285+07:00" finish="2012-07-24T23:41:13.7485510+07:00" />
  <ResultSummary outcome="Failed">
    <Counters total="1" executed="1" error="0" failed="1" timeout="0" aborted="0" inconclusive="0" passedButRunAborted="0" notRunnable="0" notExecuted="0" disconnected="0" warning="0" passed="0" completed="0" inProgress="0" pending="0" />
  </ResultSummary>
  <TestDefinitions>
    <UnitTest name="TestMethod1" storage="c:\users\phuonglhk\documents\visual studio 2010\projects\hotelfee\testproject1\bin\debug\testproject1.dll" id="59863143-3238-122e-4d8a-637b491cc755">
      <Execution id="1e329113-7807-4152-a9b9-eac4160b6196" />
      <TestMethod codeBase="C:/Users/PHUONGLHK/Documents/Visual Studio 2010/Projects/HotelFee/TestProject1/bin/Debug/TestProject1.DLL" adapterTypeName="Microsoft.VisualStudio.TestTools.TestTypes.Unit.UnitTestAdapter, Microsoft.VisualStudio.QualityTools.Tips.UnitTest.Adapter, Version=10.0.0.0, Culture=neutral, PublicKeyToken=b03f5f7f11d50a3a" className="TestProject1.UnitTest1, TestProject1, Version=1.0.0.0, Culture=neutral, PublicKeyToken=null" name="TestMethod1" />
    </UnitTest>
  </TestDefinitions>
  <TestLists>
    <TestList name="Results Not in a List" id="8c84fa94-04c1-424b-9868-57a2d4851a1d" />
    <TestList name="All Loaded Results" id="19431567-8539-422a-85d7-44ee4e166bda" />
  </TestLists>
  <TestEntries>
    <TestEntry testId="59863143-3238-122e-4d8a-637b491cc755" executionId="1e329113-7807-4152-a9b9-eac4160b6196" testListId="8c84fa94-04c1-424b-9868-57a2d4851a1d" />
  </TestEntries>
  <Results>
    <UnitTestResult executionId="1e329113-7807-4152-a9b9-eac4160b6196" testId="59863143-3238-122e-4d8a-637b491cc755" testName="TestMethod1" computerName="PHUONGLHK-PC" duration="00:00:00.2337872" startTime="2012-07-24T23:41:11.6264296+07:00" endTime="2012-07-24T23:41:12.2074629+07:00" testType="13cdc9d9-ddb5-4fa4-a97d-d965ccfc6d4b" outcome="Failed" testListId="8c84fa94-04c1-424b-9868-57a2d4851a1d" relativeResultsDirectory="1e329113-7807-4152-a9b9-eac4160b6196">
      <Output>
        <ErrorInfo>
          <Message>Test method TestProject1.UnitTest1.TestMethod1 threw exception: 
System.OverflowException: SqlDbType.Time overflow.  Value '1.07:30:00' is out of range.  Must be between 00:00:00.0000000 and 23:59:59.9999999.</Message>
          <StackTrace>    at System.Data.SqlClient.TdsParser.WriteTime(TimeSpan value, Byte scale, Int32 length, TdsParserStateObject stateObj)
   at System.Data.SqlClient.TdsParser.WriteValue(Object value, MetaType type, Byte scale, Int32 actualLength, Int32 encodingByteSize, Int32 offset, TdsParserStateObject stateObj)
   at System.Data.SqlClient.TdsParser.TdsExecuteRPC(_SqlRPC[] rpcArray, Int32 timeout, Boolean inSchema, SqlNotificationRequest notificationRequest, TdsParserStateObject stateObj, Boolean isCommandProc)
   at System.Data.SqlClient.SqlCommand.RunExecuteReaderTds(CommandBehavior cmdBehavior, RunBehavior runBehavior, Boolean returnStream, Boolean async)
   at System.Data.SqlClient.SqlCommand.RunExecuteReader(CommandBehavior cmdBehavior, RunBehavior runBehavior, Boolean returnStream, String method, DbAsyncResult result)
   at System.Data.SqlClient.SqlCommand.RunExecuteReader(CommandBehavior cmdBehavior, RunBehavior runBehavior, Boolean returnStream, String method)
   at System.Data.SqlClient.SqlCommand.ExecuteReader(CommandBehavior behavior, String method)
   at System.Data.SqlClient.SqlCommand.ExecuteDbDataReader(CommandBehavior behavior)
   at System.Data.Common.DbCommand.ExecuteReader()
   at System.Data.Linq.SqlClient.SqlProvider.Execute(Expression query, QueryInfo queryInfo, IObjectReaderFactory factory, Object[] parentArgs, Object[] userArgs, ICompiledSubQuery[] subQueries, Object lastResult)
   at System.Data.Linq.SqlClient.SqlProvider.ExecuteAll(Expression query, QueryInfo[] queryInfos, IObjectReaderFactory factory, Object[] userArguments, ICompiledSubQuery[] subQueries)
   at System.Data.Linq.SqlClient.SqlProvider.System.Data.Linq.Provider.IProvider.Execute(Expression query)
   at System.Data.Linq.DataQuery`1.System.Linq.IQueryProvider.Execute[S](Expression expression)
   at System.Linq.Queryable.FirstOrDefault[TSource](IQueryable`1 source)
   at HotelFee.NightPriceCalculator.CalculatePrice(DateTime StartTime, DateTime EndTime, Int32 PriceGroupID) in C:\Users\PHUONGLHK\Documents\Visual Studio 2010\Projects\HotelFee\HotelFee\Class1.cs:line 27
   at TestProject1.UnitTest1.TestMethod1() in C:\Users\PHUONGLHK\Documents\Visual Studio 2010\Projects\HotelFee\TestProject1\UnitTest1.cs:line 20
</StackTrace>
        </ErrorInfo>
      </Output>
    </UnitTestResult>
  </Results>
</TestRun>